app/build/outputs/logs/manifest-merger-debug-report.txt
-- Merging decision tree log ---
manifest
ADDED from src\main\AndroidManifest.xml:2:1-29:12
	xmlns:android
		ADDED from src\main\AndroidManifest.xml:2:11-69
	package
		ADDED from src\main\AndroidManifest.xml:3:4-40
		INJECTED from src\main\AndroidManifest.xml
		INJECTED from src\main\AndroidManifest.xml
	android:versionName
		ADDED from src\main\AndroidManifest.xml:5:4-29
	android:versionCode
		ADDED from src\main\AndroidManifest.xml:4:4-27
		INJECTED from src\main\AndroidManifest.xml
		INJECTED from src\main\AndroidManifest.xml
uses-sdk
ADDED from src\main\AndroidManifest.xml:8:4-10:39
	android:targetSdkVersion
		ADDED from src\main\AndroidManifest.xml:10:7-36
		INJECTED from src\main\AndroidManifest.xml
		INJECTED from src\main\AndroidManifest.xml
	android:minSdkVersion
		ADDED from src\main\AndroidManifest.xml:9:7-33
		INJECTED from src\main\AndroidManifest.xml
		INJECTED from src\main\AndroidManifest.xml
uses-permission#android.permission.INTERNET
ADDED from src\main\AndroidManifest.xml:11:4-65
	android:name
		ADDED from src\main\AndroidManifest.xml:11:21-63
application
ADDED from src\main\AndroidManifest.xml:13:4-27:18
	android:label
		ADDED from src\main\AndroidManifest.xml:16:7-39
	android:allowBackup
		ADDED from src\main\AndroidManifest.xml:14:7-33
	android:icon
		ADDED from src\main\AndroidManifest.xml:15:7-43
	android:theme
		ADDED from src\main\AndroidManifest.xml:17:7-38
activity#com.deitel.twittersearches.MainActivity
ADDED from src\main\AndroidManifest.xml:18:7-26:18
	android:windowSoftInputMode
		ADDED from src\main\AndroidManifest.xml:20:43-90
	android:label
		ADDED from src\main\AndroidManifest.xml:20:10-42
	android:name
		ADDED from src\main\AndroidManifest.xml:19:10-64
intent-filter#android.intent.action.MAIN+android.intent.category.LAUNCHER
ADDED from src\main\AndroidManifest.xml:21:10-25:26
action#android.intent.action.MAIN
ADDED from src\main\AndroidManifest.xml:22:13-65
	android:name
		ADDED from src\main\AndroidManifest.xml:22:21-62
category#android.intent.category.LAUNCHER
ADDED from src\main\AndroidManifest.xml:24:13-73
	android:name
		ADDED from src\main\AndroidManifest.xml:24:23-70